20:33:50.246 INFO - Java: Apple Inc. 20.1-b02-384
20:33:50.248 INFO - OS: Mac OS X 10.6.8 x86_64
20:33:20:33:50.923 WARN - It looks like your baseUrl (file:///opt/local/share/java/tomcat6/webapps/jmvc31/funcunit/test/autosuggest/funcunit.html?mode=commandline,client=funcunit-selenium) is pointing to a file, not a directory (it doesn't end with a /).  We're going to have to strip off the last part of the pathname.
enium-server,/selenium-server]
20:33:50.508 INFO - Started HttpContext[/,/]
20:33:50.628 INFO - Started org.openqa.jetty.jetty.servlet.ServletHandler@27b15692
20:33:50.628 INFO - Started HttpContext[/wd,/wd]
20:33:50.640 INFO - Started SocketListener on 0.0.0.0:4444
20:33:50.640 INFO - Started org.openqa.jetty.jetty.Server@39d85f79
20:33:50.881 INFO - Checking Resource aliases
20:33:50.885 INFO - Checking Resource aliases
20:33:50.896 INFO - Command request: getNewBrowserSession[*firefox, file:///opt/local/share/java/tomcat6/webapps/jmvc31/funcunit/test/autosuggest/funcunit.html?mode=commandline,client=funcunit-selenium, ] on session null
20:33:50.900 INFO - creating new remote session
20:33:50.922 INFO - Allocated session 40ad72676bdd430fbd4d115e07cd6ba0 for file:///opt/local/share/java/tomcat6/webapps/jmvc31/funcunit/test/autosuggest/funcunit.html?mode=commandline,client=funcunit-selenium, launching...
20:33:51.047 INFO - Preparing Firefox profile...
20:33:53.553 INFO - Launching Firefox...
20:33:57.016 INFO - Got result: OK,40ad72676bdd430fbd4d115e07cd6ba0 on session 40ad72676bdd430fbd4d115e07cd6ba0
20:33:57.042 INFO - Command request: open[file:///opt/local/share/java/tomcat6/webapps/jmvc31/funcunit/test/autosuggest/funcunit.html?mode=commandline,client=funcunit-selenium, ] on session 40ad72676bdd430fbd4d115e07cd6ba0
20:33:57.462 INFO - Got result: OK on session 40ad72676bdd430fbd4d115e07cd6ba0
20:33:57.471 INFO - Command request: getEval[Selenium.getResult(), ] on session 40ad72676bdd430fbd4d115e07cd6ba0
20:33:57.491 INFO - Got result: OK,[{"type":"clientloaded","data":{}}] on session 40ad72676bdd430fbd4d115e07cd6ba0
20:33:57.499 INFO - Command request: getEval[Selenium.injectJS('steal%28%22funcunit/qunit%22%2C%20function%28%29%7B%09var%20evts%20%3D%20%5B%27begin%27%2C%20%27testStart%27%2C%20%27testDone%27%2C%20%27moduleStart%27%2C%20%27moduleDone%27%2C%20%27done%27%2C%20%27log%27%5D%2C%20type%3B%09%09for%20%28var%20i%20%3D%200%3B%20i%20%3C%20evts.length%3B%20i++%29%20%7B%09%09type%20%3D%20evts%5Bi%5D%3B%09%09%28function%28type%29%7B%09%09%09QUnit%5Btype%5D%20%3D%20function%28data%29%7B%09%09%09%09steal.client.trigger%28type%2C%20data%29%3B%09%09%09%7D%3B%09%09%7D%29%28type%29%3B%09%7D%7D%29'), ] on session 40ad72676bdd430fbd4d115e07cd6ba0
20:33:57.525 INFO - Got result: OK,null on session 40ad72676bdd430fbd4d115e07cd6ba0
20:33:57.532 INFO - Command request: getEval[Selenium.evaluate('function () {    $.holdReady(false);}'), ] on session 40ad72676bdd430fbd4d115e07cd6ba0
20:33:57.545 INFO - Got result: OK,null on session 40ad72676bdd430fbd4d115e07cd6ba0
20:33:57.962 INFO - Command request: getEval[Selenium.getResult(), ] on session 40ad72676bdd430fbd4d115e07cd6ba0
20:33:58.251 INFO - Got result: OK,[{"type":"begin","data":{}},{"type":"moduleStart","data":{"name":"autosuggest"}},{"type":"testStart","data":{"name":"open"}}] on session 40ad72676bdd430fbd4d115e07cd6ba0
20:33:58.656 INFO - Command request: getEval[Selenium.getResult(), ] on session 40ad72676bdd430fbd4d115e07cd6ba0
20:33:59.011 INFO - Got result: OK,[] on session 40ad72676bdd430fbd4d115e07cd6ba0
20:33:59.415 INFO - Command request: getEval[Selenium.getResult(), ] on session 40ad72676bdd430fbd4d115e07cd6ba0
20:33:59.535 INFO - Got result: OK,[] on session 40ad72676bdd430fbd4d115e07cd6ba0
20:33:59.939 INFO - Command request: getEval[Selenium.getResult(), ] on session 40ad72676bdd430fbd4d115e07cd6ba0
20:34:12.441 INFO - Got result: OK,[{"type":"log","data":{"result":true,"message":"there are 2 items","actual":2,"expected":2}},{"type":"testDone","data":{"name":"open","failed":0,"passed":1,"total":1}},{"type":"moduleDone","data":{"name":"autosuggest","failed":0,"passed":1,"total":1}},{"type":"done","data":{"failed":0,"passed":1,"total":1,"runtime":2173}}] on session 40ad72676bdd430fbd4d115e07cd6ba0
20:34:12.472 INFO - Command request: close[, ] on session 40ad72676bdd430fbd4d115e07cd6ba0
20:34:12.597 INFO - Got result: OK on session 40ad72676bdd430fbd4d115e07cd6ba0
20:34:12.617 INFO - Command request: testComplete[, ] on session 40ad72676bdd430fbd4d115e07cd6ba0
20:34:12.617 INFO - Killing Firefox...
20:34:12.732 INFO - Got result: OK on session 40ad72676bdd430fbd4d115e07cd6ba0
